<?xml version="1.0" encoding="UTF-8"?>
<!-- Generated by org.testng.reporters.JUnitXMLReporter -->
<testsuite hostname="DESKTOP-CI36P6F" ignored="0" name="Surefire test" tests="2" failures="0" timestamp="16 Jul 2020 09:50:44 GMT" time="0.031" errors="0">
  <testcase name="@BeforeTest initConstructor" time="0.015" classname="TestClass.LoginCaseTest">
    <failure type="java.lang.NullPointerException">
      <![CDATA[java.lang.NullPointerException
at TestClass.LoginCaseTest.initConstructor(LoginCaseTest.java:16)
... Removed 29 stack frames]]>
    </failure>
  </testcase> <!-- @BeforeTest initConstructor -->
  <testcase name="accessLoginPage" time="0.0" classname="TestClass.LoginCaseTest">
    <skipped/>
  </testcase> <!-- accessLoginPage -->
  <testcase name="signIn" time="0.0" classname="TestClass.LoginCaseTest">
    <skipped/>
  </testcase> <!-- signIn -->
</testsuite> <!-- Surefire test -->
